                                        The SAS System       11:33 Tuesday, October 1, 2013   1

------------------------------------------- type=A --------------------------------------------

                                      The MEANS Procedure

                                   Variable            Mean
                                   ƒƒƒƒƒƒƒƒƒƒƒƒƒƒƒƒƒƒƒƒƒƒƒƒ
                                   x1            82.7000000
                                   X2            21.2600000
                                   ƒƒƒƒƒƒƒƒƒƒƒƒƒƒƒƒƒƒƒƒƒƒƒƒ


------------------------------------------- type=B --------------------------------------------

                                   Variable            Mean
                                   ƒƒƒƒƒƒƒƒƒƒƒƒƒƒƒƒƒƒƒƒƒƒƒƒ
                                   x1            23.6000000
                                   X2            72.2600000
                                   ƒƒƒƒƒƒƒƒƒƒƒƒƒƒƒƒƒƒƒƒƒƒƒƒ
                                        The SAS System       11:33 Tuesday, October 1, 2013   2

                                     The DISCRIM Procedure

                Total Sample Size       10          DF Total                 9
                Variables                2          DF Within Classes        8
                Classes                  2          DF Between Classes       1


                          Number of Observations Read             10
                          Number of Observations Used             10


                                    Class Level Information
 
                    Variable                                                  Prior
            type    Name        Frequency       Weight    Proportion    Probability

            A       A                   5       5.0000      0.500000       0.500000
            B       B                   5       5.0000      0.500000       0.500000


                             Within Covariance Matrix Information
 
                                                   Natural Log of the
                                     Covariance    Determinant of the
                          type      Matrix Rank     Covariance Matrix

                          A                   2               7.48543
                          B                   2               7.73009
                          Pooled              2               8.01151
                                        The SAS System       11:33 Tuesday, October 1, 2013   3

                                     The DISCRIM Procedure
                       Test of Homogeneity of Within Covariance Matrices

               Notation: K    = Number of Groups                               
                                                                               
                         P    = Number of Variables                            
                                                                               
                         N    = Total Number of Observations - Number of Groups
                                                                               
                         N(i) = Number of Observations in the i'th Group - 1   
                                                                               
                                  __                       N(i)/2              
                                  ||  |Within SS Matrix(i)|                    
                         V    = -----------------------------------            
                                                         N/2                   
                                      |Pooled SS Matrix|                       
                                                                               
                                       _                  _     2              
                                      |       1        1   |  2P + 3P - 1      
                         RHO  = 1.0 - | SUM -----  -  ---  | -------------     
                                      |_     N(i)      N  _|  6(P+1)(K-1)      
                                                                               
                         DF   = .5(K-1)P(P+1)                                  
                                                          _                  _ 
                                                         |    PN/2            |
                                                         |   N        V       |
               Under the null hypothesis:      -2 RHO ln | ------------------ |
                                                         |   __      PN(i)/2  |
                                                         |_  ||  N(i)        _|
                                                                               
               is distributed approximately as Chi-Square(DF).                 


                               Chi-Square        DF    Pr > ChiSq

                                 2.355191         3        0.5020

               Since the Chi-Square value is not significant at the 0.1 level, a pooled 
               covariance matrix will be used in the discriminant function.
               Reference: Morrison, D.F. (1976) Multivariate Statistical Methods 
               p252.
                                        The SAS System       11:33 Tuesday, October 1, 2013   4

                                     The DISCRIM Procedure

                     Pairwise Generalized Squared Distances Between Groups

                               2         _   _       -1  _   _  
                              D (i|j) = (X - X )' COV   (X - X )
                                          i   j           i   j 


                             Generalized Squared Distance to type
 
                              From
                              type               A             B

                              A                  0      98.18857
                              B           98.18857             0

                                 Linear Discriminant Function

                                _     -1 _                              -1 _ 
                 Constant = -.5 X' COV   X      Coefficient Vector = COV   X 
                                 j        j                                 j


                             Linear Discriminant Function for type
 
                             Variable             A             B

                             Constant     -90.45279     -51.08668
                             x1             2.02896       0.82348
                             X2             0.61669       1.14502
                                        The SAS System       11:33 Tuesday, October 1, 2013   5

                                     The DISCRIM Procedure
                   Classification Summary for Calibration Data: WORK.DISCRIM
                   Resubstitution Summary using Linear Discriminant Function

                             Generalized Squared Distance Function

                                   2         _       -1   _  
                                  D (X) = (X-X )' COV  (X-X )
                                   j          j            j 

                       Posterior Probability of Membership in Each type

                                            2                    2    
                         Pr(j|X) = exp(-.5 D (X)) / SUM exp(-.5 D (X))
                                            j        k           k    


                    Number of Observations and Percent Classified into type
 
                         From
                         type              A            B        Total

                         A                 5            0            5
                                      100.00         0.00       100.00

                         B                 0            5            5
                                        0.00       100.00       100.00

                         Total             5            5           10
                                       50.00        50.00       100.00

                         Priors          0.5          0.5             
                                                                      

                                Error Count Estimates for type
 
                                              A           B       Total

                       Rate              0.0000      0.0000      0.0000
                       Priors            0.5000      0.5000            
                                        The SAS System       11:33 Tuesday, October 1, 2013   6

                    Obs    type    _TYPE_    _NAME_       x1          X2

                     24             PCOV       x1       44.1450    -11.1375
                     25             PCOV       X2      -11.1375     71.1180
                                        The SAS System       11:33 Tuesday, October 1, 2013   7

                      disc1                         disc2

                  -90.44525 2.0287692  0.616711 -51.08603 0.8234527 1.1450121


                               Fisher                      newpoint

                            -90.44525 2.0287692  0.616711         1
                            -51.08603 0.8234527 1.1450121        50
                                                                 30


                                            Prob_pop

                                           6.4464E12
                                           4.1005E10


                                      Which_pop  Prob_pop

                                      29.494547 0.9936793
                                      24.436967 0.0063207
